2020-12-12 15:07:22,020 :Start analysing BTC network
2020-12-12 15:07:22,020 :Start Analysing bow tie structure in /mnt/hdd_data/cltass/bchain-analyse/NET-btc530k-heur_1-day/201[2-8]-01-01*
2020-12-12 15:07:22,020 :This machine has 48 cores which can be used
2020-12-12 15:07:22,027 :Run 7 jobs
2020-12-12 15:07:22,034 :started process_1
2020-12-12 15:07:22,037 :started process_2
2020-12-12 15:07:22,039 :Analysing data from 2016-01-01
2020-12-12 15:07:22,040 :started process_3
2020-12-12 15:07:22,042 :Analysing data from 2014-01-01
2020-12-12 15:07:22,043 :started process_4
2020-12-12 15:07:22,054 :Analysing data from 2018-01-01
2020-12-12 15:07:22,058 :Analysing data from 2013-01-01
2020-12-12 15:07:22,061 :started process_5
2020-12-12 15:07:22,065 :started process_6
2020-12-12 15:07:22,066 :Analysing data from 2017-01-01
2020-12-12 15:07:22,070 :started process_7
2020-12-12 15:07:22,083 :Analysing data from 2012-01-01
2020-12-12 15:07:22,083 :Analysing data from 2015-01-01
2020-12-12 15:07:55,111 :writing bow tie component from 2012-01-01
2020-12-12 15:07:55,111 :################################################################################
2020-12-12 15:12:59,680 :writing bow tie component from 2013-01-01
2020-12-12 15:12:59,680 :################################################################################
2020-12-12 15:50:32,891 :writing bow tie component from 2014-01-01
2020-12-12 15:50:32,892 :################################################################################
2020-12-12 16:21:24,203 :writing bow tie component from 2015-01-01
2020-12-12 16:21:24,203 :################################################################################
